This is pdfTeX, Version 3.141592653-2.6-1.40.24 (MiKTeX 22.3) (preloaded format=pdflatex 2022.5.10)  3 AUG 2025 19:10
entering extended mode
 restricted \write18 enabled.
 %&-line parsing enabled.
**./kJELL.tex
(kJELL.tex
LaTeX2e <2021-11-15> patch level 1
L3 programming layer <2022-02-24>
(C:\Program Files\MiKTeX\tex/latex/base\article.cls
Document Class: article 2021/10/04 v1.4n Standard LaTeX document class
(C:\Program Files\MiKTeX\tex/latex/base\size11.clo
File: size11.clo 2021/10/04 v1.4n Standard LaTeX file (size option)
)
\c@part=\count185
\c@section=\count186
\c@subsection=\count187
\c@subsubsection=\count188
\c@paragraph=\count189
\c@subparagraph=\count190
\c@figure=\count191
\c@table=\count192
\abovecaptionskip=\skip47
\belowcaptionskip=\skip48
\bibindent=\dimen138
)
(C:\Program Files\MiKTeX\tex/latex/base\inputenc.sty
Package: inputenc 2021/02/14 v1.3d Input encoding file
\inpenc@prehook=\toks16
\inpenc@posthook=\toks17

(C:\Program Files\MiKTeX\tex/latex/base\latin1.def
File: latin1.def 2021/02/14 v1.3d Input encoding file
))
(C:\Program Files\MiKTeX\tex/latex/base\fontenc.sty
Package: fontenc 2021/04/29 v2.0v Standard LaTeX package
)
(C:\Program Files\MiKTeX\tex/generic/babel\babel.sty
Package: babel 2022/02/26 3.73 The Babel package
\babel@savecnt=\count193
\U@D=\dimen139
\l@unhyphenated=\language79

(C:\Program Files\MiKTeX\tex/generic/babel\txtbabel.def)
\bbl@readstream=\read2
\bbl@dirlevel=\count194

*************************************
* Local config file bblopts.cfg used
*
(C:\Program Files\MiKTeX\tex/latex/arabi\bblopts.cfg
File: bblopts.cfg 2005/09/08 v0.1 add Arabic and Farsi to "declared" options of
 babel
)
(C:\Program Files\MiKTeX\tex/latex/babel-spanish\spanish.ldf
Language: spanish.ldf 2021/05/27 v5.0q Spanish support from the babel system
\es@quottoks=\toks18
\es@quotdepth=\count195
Package babel Info: Making " an active character on input line 570.
Package babel Info: Making . an active character on input line 675.
Package babel Info: Making < an active character on input line 722.
Package babel Info: Making > an active character on input line 722.
))
(C:\Program Files\MiKTeX\tex/latex/amsmath\amsmath.sty
Package: amsmath 2021/10/15 v2.17l AMS math features
\@mathmargin=\skip49

For additional information on amsmath, use the `?' option.
(C:\Program Files\MiKTeX\tex/latex/amsmath\amstext.sty
Package: amstext 2021/08/26 v2.01 AMS text

(C:\Program Files\MiKTeX\tex/latex/amsmath\amsgen.sty
File: amsgen.sty 1999/11/30 v2.0 generic functions
\@emptytoks=\toks19
\ex@=\dimen140
))
(C:\Program Files\MiKTeX\tex/latex/amsmath\amsbsy.sty
Package: amsbsy 1999/11/29 v1.2d Bold Symbols
\pmbraise@=\dimen141
)
(C:\Program Files\MiKTeX\tex/latex/amsmath\amsopn.sty
Package: amsopn 2021/08/26 v2.02 operator names
)
\inf@bad=\count196
LaTeX Info: Redefining \frac on input line 234.
\uproot@=\count197
\leftroot@=\count198
LaTeX Info: Redefining \overline on input line 399.
\classnum@=\count199
\DOTSCASE@=\count266
LaTeX Info: Redefining \ldots on input line 496.
LaTeX Info: Redefining \dots on input line 499.
LaTeX Info: Redefining \cdots on input line 620.
\Mathstrutbox@=\box50
\strutbox@=\box51
\big@size=\dimen142
LaTeX Font Info:    Redeclaring font encoding OML on input line 743.
LaTeX Font Info:    Redeclaring font encoding OMS on input line 744.
\macc@depth=\count267
\c@MaxMatrixCols=\count268
\dotsspace@=\muskip16
\c@parentequation=\count269
\dspbrk@lvl=\count270
\tag@help=\toks20
\row@=\count271
\column@=\count272
\maxfields@=\count273
\andhelp@=\toks21
\eqnshift@=\dimen143
\alignsep@=\dimen144
\tagshift@=\dimen145
\tagwidth@=\dimen146
\totwidth@=\dimen147
\lineht@=\dimen148
\@envbody=\toks22
\multlinegap=\skip50
\multlinetaggap=\skip51
\mathdisplay@stack=\toks23
LaTeX Info: Redefining \[ on input line 2938.
LaTeX Info: Redefining \] on input line 2939.
)
(C:\Program Files\MiKTeX\tex/latex/amsfonts\amsfonts.sty
Package: amsfonts 2013/01/14 v3.01 Basic AMSFonts support
\symAMSa=\mathgroup4
\symAMSb=\mathgroup5
LaTeX Font Info:    Redeclaring math symbol \hbar on input line 98.
LaTeX Font Info:    Overwriting math alphabet `\mathfrak' in version `bold'
(Font)                  U/euf/m/n --> U/euf/b/n on input line 106.
)
(C:\Program Files\MiKTeX\tex/latex/amsfonts\amssymb.sty
Package: amssymb 2013/01/14 v3.01 AMS font symbols
)
(C:\Program Files\MiKTeX\tex/latex/graphics\graphicx.sty
Package: graphicx 2021/09/16 v1.2d Enhanced LaTeX Graphics (DPC,SPQR)

(C:\Program Files\MiKTeX\tex/latex/graphics\keyval.sty
Package: keyval 2014/10/28 v1.15 key=value parser (DPC)
\KV@toks@=\toks24
)
(C:\Program Files\MiKTeX\tex/latex/graphics\graphics.sty
Package: graphics 2021/03/04 v1.4d Standard LaTeX Graphics (DPC,SPQR)

(C:\Program Files\MiKTeX\tex/latex/graphics\trig.sty
Package: trig 2021/08/11 v1.11 sin cos tan (DPC)
)
(C:\Program Files\MiKTeX\tex/latex/graphics-cfg\graphics.cfg
File: graphics.cfg 2016/06/04 v1.11 sample graphics configuration
)
Package graphics Info: Driver file: pdftex.def on input line 107.

(C:\Program Files\MiKTeX\tex/latex/graphics-def\pdftex.def
File: pdftex.def 2020/10/05 v1.2a Graphics/color driver for pdftex
))
\Gin@req@height=\dimen149
\Gin@req@width=\dimen150
)
(C:\Program Files\MiKTeX\tex/latex/hyperref\hyperref.sty
Package: hyperref 2022-02-21 v7.00n Hypertext links for LaTeX

(C:\Program Files\MiKTeX\tex/generic/ltxcmds\ltxcmds.sty
Package: ltxcmds 2020-05-10 v1.25 LaTeX kernel commands for general use (HO)
)
(C:\Program Files\MiKTeX\tex/generic/iftex\iftex.sty
Package: iftex 2022/02/03 v1.0f TeX engine tests
)
(C:\Program Files\MiKTeX\tex/generic/pdftexcmds\pdftexcmds.sty
Package: pdftexcmds 2020-06-27 v0.33 Utility functions of pdfTeX for LuaTeX (HO
)

(C:\Program Files\MiKTeX\tex/generic/infwarerr\infwarerr.sty
Package: infwarerr 2019/12/03 v1.5 Providing info/warning/error messages (HO)
)
Package pdftexcmds Info: \pdf@primitive is available.
Package pdftexcmds Info: \pdf@ifprimitive is available.
Package pdftexcmds Info: \pdfdraftmode found.
)
(C:\Program Files\MiKTeX\tex/generic/kvsetkeys\kvsetkeys.sty
Package: kvsetkeys 2019/12/15 v1.18 Key value parser (HO)
)
(C:\Program Files\MiKTeX\tex/generic/kvdefinekeys\kvdefinekeys.sty
Package: kvdefinekeys 2019-12-19 v1.6 Define keys (HO)
)
(C:\Program Files\MiKTeX\tex/generic/pdfescape\pdfescape.sty
Package: pdfescape 2019/12/09 v1.15 Implements pdfTeX's escape features (HO)
)
(C:\Program Files\MiKTeX\tex/latex/hycolor\hycolor.sty
Package: hycolor 2020-01-27 v1.10 Color options for hyperref/bookmark (HO)
)
(C:\Program Files\MiKTeX\tex/latex/letltxmacro\letltxmacro.sty
Package: letltxmacro 2019/12/03 v1.6 Let assignment for LaTeX macros (HO)
)
(C:\Program Files\MiKTeX\tex/latex/auxhook\auxhook.sty
Package: auxhook 2019-12-17 v1.6 Hooks for auxiliary files (HO)
)
(C:\Program Files\MiKTeX\tex/latex/kvoptions\kvoptions.sty
Package: kvoptions 2020-10-07 v3.14 Key value format for package options (HO)
)
\@linkdim=\dimen151
\Hy@linkcounter=\count274
\Hy@pagecounter=\count275

(C:\Program Files\MiKTeX\tex/latex/hyperref\pd1enc.def
File: pd1enc.def 2022-02-21 v7.00n Hyperref: PDFDocEncoding definition (HO)
Now handling font encoding PD1 ...
... no UTF-8 mapping file for font encoding PD1
)
(C:\Program Files\MiKTeX\tex/generic/intcalc\intcalc.sty
Package: intcalc 2019/12/15 v1.3 Expandable calculations with integers (HO)
)
(C:\Program Files\MiKTeX\tex/generic/etexcmds\etexcmds.sty
Package: etexcmds 2019/12/15 v1.7 Avoid name clashes with e-TeX commands (HO)
)
\Hy@SavedSpaceFactor=\count276

(C:\Program Files\MiKTeX\tex/latex/hyperref\puenc.def
File: puenc.def 2022-02-21 v7.00n Hyperref: PDF Unicode definition (HO)
Now handling font encoding PU ...
... no UTF-8 mapping file for font encoding PU
)
Package hyperref Info: Option `colorlinks' set `true' on input line 4018.
Package hyperref Info: Hyper figures OFF on input line 4137.
Package hyperref Info: Link nesting OFF on input line 4142.
Package hyperref Info: Hyper index ON on input line 4145.
Package hyperref Info: Plain pages OFF on input line 4152.
Package hyperref Info: Backreferencing OFF on input line 4157.
Package hyperref Info: Implicit mode ON; LaTeX internals redefined.
Package hyperref Info: Bookmarks ON on input line 4390.
\c@Hy@tempcnt=\count277

(C:\Program Files\MiKTeX\tex/latex/url\url.sty
\Urlmuskip=\muskip17
Package: url 2013/09/16  ver 3.4  Verb mode for urls, etc.
)
LaTeX Info: Redefining \url on input line 4749.
\XeTeXLinkMargin=\dimen152

(C:\Program Files\MiKTeX\tex/generic/bitset\bitset.sty
Package: bitset 2019/12/09 v1.3 Handle bit-vector datatype (HO)

(C:\Program Files\MiKTeX\tex/generic/bigintcalc\bigintcalc.sty
Package: bigintcalc 2019/12/15 v1.5 Expandable calculations on big integers (HO
)
))
\Fld@menulength=\count278
\Field@Width=\dimen153
\Fld@charsize=\dimen154
Package hyperref Info: Hyper figures OFF on input line 6027.
Package hyperref Info: Link nesting OFF on input line 6032.
Package hyperref Info: Hyper index ON on input line 6035.
Package hyperref Info: backreferencing OFF on input line 6042.
Package hyperref Info: Link coloring ON on input line 6045.
Package hyperref Info: Link coloring with OCG OFF on input line 6052.
Package hyperref Info: PDF/A mode OFF on input line 6057.
LaTeX Info: Redefining \ref on input line 6097.
LaTeX Info: Redefining \pageref on input line 6101.

(C:\Program Files\MiKTeX\tex/latex/base\atbegshi-ltx.sty
Package: atbegshi-ltx 2021/01/10 v1.0c Emulation of the original atbegshi
package with kernel methods
)
\Hy@abspage=\count279
\c@Item=\count280
\c@Hfootnote=\count281
)
Package hyperref Info: Driver (autodetected): hpdftex.

(C:\Program Files\MiKTeX\tex/latex/hyperref\hpdftex.def
File: hpdftex.def 2022-02-21 v7.00n Hyperref driver for pdfTeX

(C:\Program Files\MiKTeX\tex/latex/base\atveryend-ltx.sty
Package: atveryend-ltx 2020/08/19 v1.0a Emulation of the original atveryend pac
kage
with kernel methods
)
\Fld@listcount=\count282
\c@bookmark@seq@number=\count283

(C:\Program Files\MiKTeX\tex/latex/rerunfilecheck\rerunfilecheck.sty
Package: rerunfilecheck 2019/12/05 v1.9 Rerun checks for auxiliary files (HO)

(C:\Program Files\MiKTeX\tex/generic/uniquecounter\uniquecounter.sty
Package: uniquecounter 2019/12/15 v1.4 Provide unlimited unique counter (HO)
)
Package uniquecounter Info: New unique counter `rerunfilecheck' on input line 2
86.
)
\Hy@SectionHShift=\skip52
)
(C:\Program Files\MiKTeX\tex/latex/geometry\geometry.sty
Package: geometry 2020/01/02 v5.9 Page Geometry

(C:\Program Files\MiKTeX\tex/generic/iftex\ifvtex.sty
Package: ifvtex 2019/10/25 v1.7 ifvtex legacy package. Use iftex instead.
)
\Gm@cnth=\count284
\Gm@cntv=\count285
\c@Gm@tempcnt=\count286
\Gm@bindingoffset=\dimen155
\Gm@wd@mp=\dimen156
\Gm@odd@mp=\dimen157
\Gm@even@mp=\dimen158
\Gm@layoutwidth=\dimen159
\Gm@layoutheight=\dimen160
\Gm@layouthoffset=\dimen161
\Gm@layoutvoffset=\dimen162
\Gm@dimlist=\toks25

(C:\Program Files\MiKTeX\tex/latex/geometry\geometry.cfg))
(C:\Program Files\MiKTeX\tex/latex/caption\caption.sty
Package: caption 2022/03/01 v3.6b Customizing captions (AR)

(C:\Program Files\MiKTeX\tex/latex/caption\caption3.sty
Package: caption3 2022/03/17 v2.3b caption3 kernel (AR)
\caption@tempdima=\dimen163
\captionmargin=\dimen164
\caption@leftmargin=\dimen165
\caption@rightmargin=\dimen166
\caption@width=\dimen167
\caption@indent=\dimen168
\caption@parindent=\dimen169
\caption@hangindent=\dimen170
Package caption Info: Standard document class detected.
)
\c@caption@flags=\count287
\c@continuedfloat=\count288
Package caption Info: hyperref package is loaded.
)
(C:\Program Files\MiKTeX\tex/latex/l3backend\l3backend-pdftex.def
File: l3backend-pdftex.def 2022-02-07 L3 backend support: PDF output (pdfTeX)
\l__color_backend_stack_int=\count289
\l__pdf_internal_box=\box52
) (kJELL.aux)
\openout1 = `kJELL.aux'.

LaTeX Font Info:    Checking defaults for OML/cmm/m/it on input line 17.
LaTeX Font Info:    ... okay on input line 17.
LaTeX Font Info:    Checking defaults for OMS/cmsy/m/n on input line 17.
LaTeX Font Info:    ... okay on input line 17.
LaTeX Font Info:    Checking defaults for OT1/cmr/m/n on input line 17.
LaTeX Font Info:    ... okay on input line 17.
LaTeX Font Info:    Checking defaults for T1/cmr/m/n on input line 17.
LaTeX Font Info:    ... okay on input line 17.
LaTeX Font Info:    Checking defaults for TS1/cmr/m/n on input line 17.
LaTeX Font Info:    ... okay on input line 17.
LaTeX Font Info:    Checking defaults for OMX/cmex/m/n on input line 17.
LaTeX Font Info:    ... okay on input line 17.
LaTeX Font Info:    Checking defaults for U/cmr/m/n on input line 17.
LaTeX Font Info:    ... okay on input line 17.
LaTeX Font Info:    Checking defaults for PD1/pdf/m/n on input line 17.
LaTeX Font Info:    ... okay on input line 17.
LaTeX Font Info:    Checking defaults for PU/pdf/m/n on input line 17.
LaTeX Font Info:    ... okay on input line 17.
LaTeX Info: Redefining \. on input line 17.
LaTeX Info: Redefining \% on input line 17.

(C:\Program Files\MiKTeX\tex/context/base/mkii\supp-pdf.mkii
[Loading MPS to PDF converter (version 2006.09.02).]
\scratchcounter=\count290
\scratchdimen=\dimen171
\scratchbox=\box53
\nofMPsegments=\count291
\nofMParguments=\count292
\everyMPshowfont=\toks26
\MPscratchCnt=\count293
\MPscratchDim=\dimen172
\MPnumerator=\count294
\makeMPintoPDFobject=\count295
\everyMPtoPDFconversion=\toks27
) (C:\Program Files\MiKTeX\tex/latex/epstopdf-pkg\epstopdf-base.sty
Package: epstopdf-base 2020-01-24 v2.11 Base part for package epstopdf
Package epstopdf-base Info: Redefining graphics rule for `.eps' on input line 4
85.

(C:\Program Files\MiKTeX\tex/latex/00miktex\epstopdf-sys.cfg
File: epstopdf-sys.cfg 2021/03/18 v2.0 Configuration of epstopdf for MiKTeX
))
(C:\Program Files\MiKTeX\tex/latex/graphics\color.sty
Package: color 2021/12/07 v1.3c Standard LaTeX Color (DPC)

(C:\Program Files\MiKTeX\tex/latex/graphics-cfg\color.cfg
File: color.cfg 2016/01/02 v1.6 sample color configuration
)
Package color Info: Driver file: pdftex.def on input line 149.
)
Package hyperref Info: Link coloring ON on input line 17.

(C:\Program Files\MiKTeX\tex/latex/hyperref\nameref.sty
Package: nameref 2021-04-02 v2.47 Cross-referencing by name of section

(C:\Program Files\MiKTeX\tex/latex/refcount\refcount.sty
Package: refcount 2019/12/15 v3.6 Data extraction from label references (HO)
)
(C:\Program Files\MiKTeX\tex/generic/gettitlestring\gettitlestring.sty
Package: gettitlestring 2019/12/15 v1.6 Cleanup title references (HO)
)
\c@section@level=\count296
)
LaTeX Info: Redefining \ref on input line 17.
LaTeX Info: Redefining \pageref on input line 17.
LaTeX Info: Redefining \nameref on input line 17.

(D:\Administrador\Angel\LIBROS\Optica\KJELL\build\kJELL.out)
(D:\Administrador\Angel\LIBROS\Optica\KJELL\build\kJELL.out)
\@outlinefile=\write3
\openout3 = `kJELL.out'.


*geometry* driver: auto-detecting
*geometry* detected driver: pdftex
*geometry* verbose mode - [ preamble ] result:
* driver: pdftex
* paper: a4paper
* layout: <same size as paper>
* layoutoffset:(h,v)=(0.0pt,0.0pt)
* hratio: 1:1
* vratio: 1:1
* modes: 
* h-part:(L,W,R)=(71.1319pt, 455.24408pt, 71.1319pt)
* v-part:(T,H,B)=(81.09035pt, 682.86613pt, 81.09036pt)
* \paperwidth=597.50787pt
* \paperheight=845.04684pt
* \textwidth=455.24408pt
* \textheight=682.86613pt
* \oddsidemargin=-1.13809pt
* \evensidemargin=-1.13809pt
* \topmargin=-28.17964pt
* \headheight=12.0pt
* \headsep=25.0pt
* \topskip=11.0pt
* \footskip=30.0pt
* \marginparwidth=50.0pt
* \marginparsep=10.0pt
* \columnsep=10.0pt
* \skip\footins=10.0pt plus 4.0pt minus 2.0pt
* \hoffset=0.0pt
* \voffset=0.0pt
* \mag=1000
* \@twocolumnfalse
* \@twosidefalse
* \@mparswitchfalse
* \@reversemarginfalse
* (1in=72.27pt=25.4mm, 1cm=28.453pt)

Package caption Info: Begin \AtBeginDocument code.
Package caption Info: End \AtBeginDocument code.
LaTeX Font Info:    Trying to load font information for U+msa on input line 19.

(C:\Program Files\MiKTeX\tex/latex/amsfonts\umsa.fd
File: umsa.fd 2013/01/14 v3.01 AMS symbols A
)
LaTeX Font Info:    Trying to load font information for U+msb on input line 19.


(C:\Program Files\MiKTeX\tex/latex/amsfonts\umsb.fd
File: umsb.fd 2013/01/14 v3.01 AMS symbols B
) [1

{C:/Users/angel/AppData/Local/MiKTeX/fonts/map/pdftex/pdftex.map}]

Package hyperref Warning: old toc file detected, not used; run LaTeX again.

\tf@toc=\write4
\openout4 = `kJELL.toc'.

[2]
Runaway argument?
{\@firstoffive }\fi  muestra una instantánea de una onda armónica que\ETC.
! Paragraph ended before \Hy@setref@link was complete.
<to be read again> 
                   \par 
l.52 
     
I suspect you've forgotten a `}', causing me to apply this
control sequence to too much text. How can we recover?
My plan is to forget the whole thing and hope for the best.


Underfull \hbox (badness 10000) in paragraph at lines 57--61

 []


Underfull \hbox (badness 10000) in paragraph at lines 57--61

 []

[3]

Package amsmath Warning: Foreign command \over;
(amsmath)                \frac or \genfrac should be used instead
(amsmath)                 on input line 67.

<tabla1-1.png, id=107, 566.86781pt x 441.90094pt>
File: tabla1-1.png Graphic file (type png)
<use tabla1-1.png>
Package pdftex.def Info: tabla1-1.png  used on input line 74.
(pdftex.def)             Requested size: 396.80476pt x 309.32854pt.

Underfull \hbox (badness 10000) in paragraph at lines 78--81

 []

Runaway argument?
{\@firstoffive }\fi , sino ondas tridimensionales. El ejemplo más sim\ETC.
! Paragraph ended before \Hy@setref@link was complete.
<to be read again> 
                   \par 
l.85 
     
I suspect you've forgotten a `}', causing me to apply this
control sequence to too much text. How can we recover?
My plan is to forget the whole thing and hope for the best.

<fig1-2.png, id=109, 390.70969pt x 369.63094pt>
File: fig1-2.png Graphic file (type png)
<use fig1-2.png>
Package pdftex.def Info: fig1-2.png  used on input line 88.
(pdftex.def)             Requested size: 312.56816pt x 295.70514pt.

LaTeX Warning: `!h' float specifier changed to `!ht'.

Runaway argument?
{\@firstoffive }\fi  describe una onda plana que se propaga en la dir\ETC.
! Paragraph ended before \Hy@setref@link was complete.
<to be read again> 
                   \par 
l.93 
     
I suspect you've forgotten a `}', causing me to apply this
control sequence to too much text. How can we recover?
My plan is to forget the whole thing and hope for the best.

[4 <D:/Administrador/Angel/LIBROS/Optica/KJELL/build/tabla1-1.png>]
Runaway argument?
{\@firstoffive }\fi . Que esto es correcto también en el caso tridime\ETC.
! Paragraph ended before \Hy@setref@link was complete.
<to be read again> 
                   \par 
l.99 
     
I suspect you've forgotten a `}', causing me to apply this
control sequence to too much text. How can we recover?
My plan is to forget the whole thing and hope for the best.

<fig1-3.png, id=120, 319.94531pt x 213.79875pt>
File: fig1-3.png Graphic file (type png)
<use fig1-3.png>
Package pdftex.def Info: fig1-3.png  used on input line 102.
(pdftex.def)             Requested size: 255.95659pt x 171.03922pt.
Runaway argument?
{\@firstoffive }\fi , donde se dibuja la sección transversal de un fr\ETC.
! Paragraph ended before \Hy@setref@link was complete.
<to be read again> 
                   \par 
l.107 
      
I suspect you've forgotten a `}', causing me to apply this
control sequence to too much text. How can we recover?
My plan is to forget the whole thing and hope for the best.

<fig1-4.png, id=121, 185.94469pt x 161.85469pt>
File: fig1-4.png Graphic file (type png)
<use fig1-4.png>
Package pdftex.def Info: fig1-4.png  used on input line 110.
(pdftex.def)             Requested size: 148.75594pt x 129.4839pt.

LaTeX Warning: `!h' float specifier changed to `!ht'.

Runaway argument?
{\@firstoffive }\fi . En dos puntos $z_1$ y $z_2$ a lo largo de la di\ETC.
! Paragraph ended before \Hy@setref@link was complete.
<to be read again> 
                   \par 
l.117 
      
I suspect you've forgotten a `}', causing me to apply this
control sequence to too much text. How can we recover?
My plan is to forget the whole thing and hope for the best.

[5 <D:/Administrador/Angel/LIBROS/Optica/KJELL/build/fig1-2.png> <D:/Administra
dor/Angel/LIBROS/Optica/KJELL/build/fig1-3.png>]
Underfull \hbox (badness 10000) in paragraph at lines 122--125

 []

Runaway argument?
{\@firstoffive }\fi  se puede escribir en forma compleja como 
! Paragraph ended before \Hy@setref@link was complete.
<to be read again> 
                   \par 
l.129 
      
I suspect you've forgotten a `}', causing me to apply this
control sequence to too much text. How can we recover?
My plan is to forget the whole thing and hope for the best.

Runaway argument?
{\@firstoffive }\fi  y se omite "Re" porque se entiende silenciosamen\ETC.
! Paragraph ended before \Hy@setref@link was complete.
<to be read again> 
                   \par 
l.147 
      
I suspect you've forgotten a `}', causing me to apply this
control sequence to too much text. How can we recover?
My plan is to forget the whole thing and hope for the best.

[6 <D:/Administrador/Angel/LIBROS/Optica/KJELL/build/fig1-4.png>]
Runaway argument?
{\@firstoffive }\fi (a, b) muestra ejemplos de una onda cilíndrica y \ETC.
! Paragraph ended before \Hy@setref@link was complete.
<to be read again> 
                   \par 
l.163 
      
I suspect you've forgotten a `}', causing me to apply this
control sequence to too much text. How can we recover?
My plan is to forget the whole thing and hope for the best.

<fig1-5.png, id=144, 249.93375pt x 404.26031pt>
File: fig1-5.png Graphic file (type png)
<use fig1-5.png>
Package pdftex.def Info: fig1-5.png  used on input line 166.
(pdftex.def)             Requested size: 199.94727pt x 323.40869pt.
Runaway argument?
{\@firstoffive }\fi  donde una onda plana cae oblicuamente sobre un p\ETC.
! Paragraph ended before \Hy@setref@link was complete.
<to be read again> 
                   \par 
l.173 
      
I suspect you've forgotten a `}', causing me to apply this
control sequence to too much text. How can we recover?
My plan is to forget the whole thing and hope for the best.

<fig1-6.png, id=145, 182.18062pt x 172.39406pt>
File: fig1-6.png Graphic file (type png)
<use fig1-6.png>
Package pdftex.def Info: fig1-6.png  used on input line 176.
(pdftex.def)             Requested size: 145.74467pt x 137.91542pt.

LaTeX Warning: `!h' float specifier changed to `!ht'.

[7 <D:/Administrador/Angel/LIBROS/Optica/KJELL/build/fig1-5.png>]
Runaway argument?
{\@firstoffive }\fi  (Re y parte temporal omitidas) dan 
! Paragraph ended before \Hy@setref@link was complete.
<to be read again> 
                   \par 
l.184 
      
I suspect you've forgotten a `}', causing me to apply this
control sequence to too much text. How can we recover?
My plan is to forget the whole thing and hope for the best.

Runaway argument?
{\@firstoffive }\fi (b), es una onda emitida por una fuente puntual. \ETC.
! Paragraph ended before \Hy@setref@link was complete.
<to be read again> 
                   \par 
l.202 
      
I suspect you've forgotten a `}', causing me to apply this
control sequence to too much text. How can we recover?
My plan is to forget the whole thing and hope for the best.

Runaway argument?
{\@firstoffive }\fi  expresa el hecho de que la amplitud disminuye co\ETC.
! Paragraph ended before \Hy@setref@link was complete.
<to be read again> 
                   \par 
l.208 
      
I suspect you've forgotten a `}', causing me to apply this
control sequence to too much text. How can we recover?
My plan is to forget the whole thing and hope for the best.

<fig1-7.png, id=155, 412.54124pt x 248.42813pt>
File: fig1-7.png Graphic file (type png)
<use fig1-7.png>
Package pdftex.def Info: fig1-7.png  used on input line 211.
(pdftex.def)             Requested size: 330.03345pt x 198.74277pt.

LaTeX Warning: `!h' float specifier changed to `!ht'.

Runaway argument?
{\@firstoffive }\fi  donde una fuente puntual se encuentra en el plan\ETC.
! Paragraph ended before \Hy@setref@link was complete.
<to be read again> 
                   \par 
l.216 
      
I suspect you've forgotten a `}', causing me to apply this
control sequence to too much text. How can we recover?
My plan is to forget the whole thing and hope for the best.

Runaway argument?
{\@firstoffive }\fi . Esta aproximación no se puede poner en el expon\ETC.
! Paragraph ended before \Hy@setref@link was complete.
<to be read again> 
                   \par 
l.222 
      
I suspect you've forgotten a `}', causing me to apply this
control sequence to too much text. How can we recover?
My plan is to forget the whole thing and hope for the best.

[8 <D:/Administrador/Angel/LIBROS/Optica/KJELL/build/fig1-6.png>] [9 <D:/Admini
strador/Angel/LIBROS/Optica/KJELL/build/fig1-7.png>]
<fig1-8.png, id=177, 239.39438pt x 149.05687pt>
File: fig1-8.png Graphic file (type png)
<use fig1-8.png>
Package pdftex.def Info: fig1-8.png  used on input line 257.
(pdftex.def)             Requested size: 191.51575pt x 119.24565pt.
<fig1-9.png, id=178, 140.02313pt x 124.96687pt>
File: fig1-9.png Graphic file (type png)
<use fig1-9.png>
Package pdftex.def Info: fig1-9.png  used on input line 263.
(pdftex.def)             Requested size: 112.01865pt x 99.97363pt.

Runaway argument?
{\@firstoffive }\fi ). En este contexto mencionamos que en la reflexi\ETC.
! Paragraph ended before \Hy@setref@link was complete.
<to be read again> 
                   \par 
l.273 
      
I suspect you've forgotten a `}', causing me to apply this
control sequence to too much text. How can we recover?
My plan is to forget the whole thing and hope for the best.

Runaway argument?
{\@firstoffive }\fi ). De la Ecuación \ref {ec1_16} vemos que cuando \ETC.
! Paragraph ended before \Hy@setref@link was complete.
<to be read again> 
                   \par 
l.279 
      
I suspect you've forgotten a `}', causing me to apply this
control sequence to too much text. How can we recover?
My plan is to forget the whole thing and hope for the best.

<fig1-10.png, id=179, 207.02344pt x 179.16937pt>
File: fig1-10.png Graphic file (type png)
<use fig1-10.png>
Package pdftex.def Info: fig1-10.png  used on input line 290.
(pdftex.def)             Requested size: 165.61896pt x 143.33568pt.

LaTeX Warning: `!h' float specifier changed to `!ht'.

Runaway argument?
{\@firstoffive }\fi , cuando $n_1 < n_2$, la fase cambia por $\pi $. 
! Paragraph ended before \Hy@setref@link was complete.
<to be read again> 
                   \par 
l.295 
      
I suspect you've forgotten a `}', causing me to apply this
control sequence to too much text. How can we recover?
My plan is to forget the whole thing and hope for the best.

[10 <D:/Administrador/Angel/LIBROS/Optica/KJELL/build/fig1-8.png> <D:/Administr
ador/Angel/LIBROS/Optica/KJELL/build/fig1-9.png>]
Runaway argument?
{\@firstoffive }\fi  ilustra la propiedad de formación de imágenes de\ETC.
! Paragraph ended before \Hy@setref@link was complete.
<to be read again> 
                   \par 
l.301 
      
I suspect you've forgotten a `}', causing me to apply this
control sequence to too much text. How can we recover?
My plan is to forget the whole thing and hope for the best.

<fig1-11.png, id=193, 378.66469pt x 216.05719pt>
File: fig1-11.png Graphic file (type png)
<use fig1-11.png>
Package pdftex.def Info: fig1-11.png  used on input line 304.
(pdftex.def)             Requested size: 302.93216pt x 172.84596pt.
Runaway argument?
{\@firstoffive }\fi  muestra tres de ellos. La distancia $b$ de la le\ETC.
! Paragraph ended before \Hy@setref@link was complete.
<to be read again> 
                   \par 
l.309 
      
I suspect you've forgotten a `}', causing me to apply this
control sequence to too much text. How can we recover?
My plan is to forget the whole thing and hope for the best.

<fig1-12.png, id=194, 412.54124pt x 195.73125pt>
File: fig1-12.png Graphic file (type png)
<use fig1-12.png>
Package pdftex.def Info: fig1-12.png  used on input line 322.
(pdftex.def)             Requested size: 330.03345pt x 156.58519pt.

LaTeX Warning: `!h' float specifier changed to `!ht'.

Runaway argument?
{\@firstoffive }\fi (a), se ilustra el caso de una fuente puntual sit\ETC.
! Paragraph ended before \Hy@setref@link was complete.
<to be read again> 
                   \par 
l.327 
      
I suspect you've forgotten a `}', causing me to apply this
control sequence to too much text. How can we recover?
My plan is to forget the whole thing and hope for the best.

[11 <D:/Administrador/Angel/LIBROS/Optica/KJELL/build/fig1-10.png> <D:/Administ
rador/Angel/LIBROS/Optica/KJELL/build/fig1-11.png>]
<fig1-13.png, id=205, 397.485pt x 356.0803pt>
File: fig1-13.png Graphic file (type png)
<use fig1-13.png>
Package pdftex.def Info: fig1-13.png  used on input line 334.
(pdftex.def)             Requested size: 317.98842pt x 284.86462pt.

Runaway argument?
{\@firstoffive }\fi  que muestra una configuración comúnmente aplicad\ETC.
! Paragraph ended before \Hy@setref@link was complete.
<to be read again> 
                   \par 
l.341 
      
I suspect you've forgotten a `}', causing me to apply this
control sequence to too much text. How can we recover?
My plan is to forget the whole thing and hope for the best.

<fig1-14.png, id=206, 310.15875pt x 115.18031pt>
File: fig1-14.png Graphic file (type png)
<use fig1-14.png>
Package pdftex.def Info: fig1-14.png  used on input line 344.
(pdftex.def)             Requested size: 248.12733pt x 92.14435pt.

LaTeX Warning: `!h' float specifier changed to `!ht'.

[12 <D:/Administrador/Angel/LIBROS/Optica/KJELL/build/fig1-12.png> <D:/Administ
rador/Angel/LIBROS/Optica/KJELL/build/fig1-13.png>]
Runaway argument?
{\@firstoffive }\fi  obtenemos la relación 
! Paragraph ended before \Hy@setref@link was complete.
<to be read again> 
                   \par 
l.374 
      
I suspect you've forgotten a `}', causing me to apply this
control sequence to too much text. How can we recover?
My plan is to forget the whole thing and hope for the best.

[13 <D:/Administrador/Angel/LIBROS/Optica/KJELL/build/fig1-14.png>] [14]
Runaway argument?
{\@firstoffive }\fi  se convierte en 
! Paragraph ended before \Hy@setref@link was complete.
<to be read again> 
                   \par 
l.434 
      
I suspect you've forgotten a `}', causing me to apply this
control sequence to too much text. How can we recover?
My plan is to forget the whole thing and hope for the best.

Runaway argument?
{\@firstoffive }\fi  no hicimos un promedio porque asumimos tácitamen\ETC.
! Paragraph ended before \Hy@setref@link was complete.
<to be read again> 
                   \par 
l.444 
      
I suspect you've forgotten a `}', causing me to apply this
control sequence to too much text. How can we recover?
My plan is to forget the whole thing and hope for the best.

Runaway argument?
{\@firstoffive }\fi  hemos esbozado dos trenes de ondas sucesivos de \ETC.
! Paragraph ended before \Hy@setref@link was complete.
<to be read again> 
                   \par 
l.450 
      
I suspect you've forgotten a `}', causing me to apply this
control sequence to too much text. How can we recover?
My plan is to forget the whole thing and hope for the best.

<fig3-1.png, id=239, 364.36125pt x 359.84438pt>
File: fig3-1.png Graphic file (type png)
<use fig3-1.png>
Package pdftex.def Info: fig3-1.png  used on input line 453.
(pdftex.def)             Requested size: 291.48938pt x 287.87589pt.

LaTeX Warning: `!h' float specifier changed to `!ht'.

Runaway argument?
{\@firstoffive }\fi (b) muestra un caso intermedio en el que la onda \ETC.
! Paragraph ended before \Hy@setref@link was complete.
<to be read again> 
                   \par 
l.462 
      
I suspect you've forgotten a `}', causing me to apply this
control sequence to too much text. How can we recover?
My plan is to forget the whole thing and hope for the best.

[15]
Runaway argument?
{\@firstoffive }\fi . Como $cos \Delta \phi $ varía entre $+1$ y $-1$\ETC.
! Paragraph ended before \Hy@setref@link was complete.
<to be read again> 
                   \par 
l.477 
      
I suspect you've forgotten a `}', causing me to apply this
control sequence to too much text. How can we recover?
My plan is to forget the whole thing and hope for the best.

Runaway argument?
{\@firstoffive }\fi , da 
! Paragraph ended before \Hy@setref@link was complete.
<to be read again> 
                   \par 
l.488 
      
I suspect you've forgotten a `}', causing me to apply this
control sequence to too much text. How can we recover?
My plan is to forget the whole thing and hope for the best.

Runaway argument?
{\@firstoffive }\fi  se convierte en 
! Paragraph ended before \Hy@setref@link was complete.
<to be read again> 
                   \par 
l.494 
      
I suspect you've forgotten a `}', causing me to apply this
control sequence to too much text. How can we recover?
My plan is to forget the whole thing and hope for the best.

[16 <D:/Administrador/Angel/LIBROS/Optica/KJELL/build/fig3-1.png>]
Runaway argument?
{\@firstoffive }\fi  a) y (\ref {ec3-12} b) representan los dos casos\ETC.
! Paragraph ended before \Hy@setref@link was complete.
<to be read again> 
                   \par 
l.514 
      
I suspect you've forgotten a `}', causing me to apply this
control sequence to too much text. How can we recover?
My plan is to forget the whole thing and hope for the best.

Runaway argument?
{\@firstoffive }\fi  está de acuerdo con nuestra discusión anterior d\ETC.
! Paragraph ended before \Hy@setref@link was complete.
<to be read again> 
                   \par 
l.524 
      
I suspect you've forgotten a `}', causing me to apply this
control sequence to too much text. How can we recover?
My plan is to forget the whole thing and hope for the best.

Runaway argument?
{\@firstoffive }\fi . 
! Paragraph ended before \Hy@setref@link was complete.
<to be read again> 
                   \par 
l.530 
      
I suspect you've forgotten a `}', causing me to apply this
control sequence to too much text. How can we recover?
My plan is to forget the whole thing and hope for the best.

Runaway argument?
{\@firstoffive }\fi , el tiempo de coherencia de la luz blanca es, po\ETC.
! Paragraph ended before \Hy@setref@link was complete.
<to be read again> 
                   \par 
l.532 
      
I suspect you've forgotten a `}', causing me to apply this
control sequence to too much text. How can we recover?
My plan is to forget the whole thing and hope for the best.


LaTeX Warning: Reference `fig3-13' on page 17 undefined on input line 537.

[17]
Runaway argument?
{\@firstoffive }\fi (a) muestra dos ondas planas $u_1$, $u_2$ con dir\ETC.
! Paragraph ended before \Hy@setref@link was complete.
<to be read again> 
                   \par 
l.554 
      
I suspect you've forgotten a `}', causing me to apply this
control sequence to too much text. How can we recover?
My plan is to forget the whole thing and hope for the best.

<fig3-2.png, id=269, 406.51875pt x 436.63126pt>
File: fig3-2.png Graphic file (type png)
<use fig3-2.png>
Package pdftex.def Info: fig3-2.png  used on input line 565.
(pdftex.def)             Requested size: 325.21542pt x 349.30548pt.

LaTeX Warning: `!h' float specifier changed to `!ht'.

[18] [19 <D:/Administrador/Angel/LIBROS/Optica/KJELL/build/fig3-2.png>]
[20] (kJELL.aux)

LaTeX Warning: There were undefined references.


LaTeX Warning: Label(s) may have changed. Rerun to get cross-references right.

Package rerunfilecheck Info: File `kJELL.out' has not changed.
(rerunfilecheck)             Checksum: ADB46E6DB1674450D4D7894EF9C17D4C;3469.
 )
(\end occurred when \ifx on line 553 was incomplete)
(\end occurred when \ifx on line 531 was incomplete)
(\end occurred when \ifx on line 529 was incomplete)
(\end occurred when \ifx on line 523 was incomplete)
(\end occurred when \ifx on line 513 was incomplete)
(\end occurred when \ifx on line 493 was incomplete)
(\end occurred when \ifx on line 487 was incomplete)
(\end occurred when \ifx on line 476 was incomplete)
(\end occurred when \ifx on line 461 was incomplete)
(\end occurred when \ifx on line 449 was incomplete)
(\end occurred when \ifx on line 443 was incomplete)
(\end occurred when \ifx on line 433 was incomplete)
(\end occurred when \ifx on line 373 was incomplete)
(\end occurred when \ifx on line 340 was incomplete)
(\end occurred when \ifx on line 326 was incomplete)
(\end occurred when \ifx on line 308 was incomplete)
(\end occurred when \ifx on line 300 was incomplete)
(\end occurred when \ifx on line 294 was incomplete)
(\end occurred when \ifx on line 278 was incomplete)
(\end occurred when \ifx on line 271 was incomplete)
(\end occurred when \ifx on line 221 was incomplete)
(\end occurred when \ifx on line 215 was incomplete)
(\end occurred when \ifx on line 207 was incomplete)
(\end occurred when \ifx on line 201 was incomplete)
(\end occurred when \ifx on line 183 was incomplete)
(\end occurred when \ifx on line 172 was incomplete)
(\end occurred when \ifx on line 162 was incomplete)
(\end occurred when \ifx on line 146 was incomplete)
(\end occurred when \ifx on line 128 was incomplete)
(\end occurred when \ifx on line 116 was incomplete)
(\end occurred when \ifx on line 106 was incomplete)
(\end occurred when \ifx on line 98 was incomplete)
(\end occurred when \ifx on line 92 was incomplete)
(\end occurred when \ifx on line 84 was incomplete)
(\end occurred when \ifx on line 38 was incomplete) 
Here is how much of TeX's memory you used:
 12984 strings out of 478582
 204647 string characters out of 2854159
 510260 words of memory out of 3000000
 30875 multiletter control sequences out of 15000+600000
 482125 words of font info for 63 fonts, out of 8000000 for 9000
 1141 hyphenation exceptions out of 8191
 60i,7n,63p,1298b,363s stack positions out of 10000i,1000n,20000p,200000b,80000s
 <C:\Users\angel\AppData\Loc
al\MiKTeX\fonts/pk/ljfour/jknappen/ec/dpi600\ecbx1200.pk> <C:\Users\angel\AppDa
ta\Local\MiKTeX\fonts/pk/ljfour/jknappen/ec/dpi600\tcrm1095.pk> <C:\Users\angel
\AppData\Local\MiKTeX\fonts/pk/ljfour/jknappen/ec/dpi600\ecbx1095.pk> <C:\Users
\angel\AppData\Local\MiKTeX\fonts/pk/ljfour/jknappen/ec/dpi600\ecbx1440.pk> <C:
\Users\angel\AppData\Local\MiKTeX\fonts/pk/ljfour/jknappen/ec/dpi600\ecrm1095.p
k> <C:\Users\angel\AppData\Local\MiKTeX\fonts/pk/ljfour/jknappen/ec/dpi600\ecrm
1200.pk> <C:\Users\angel\AppData\Local\MiKTeX\fonts/pk/ljfour/jknappen/ec/dpi60
0\ecrm1728.pk><C:/Program Files/MiKTeX/fonts/type1/public/amsfonts/cm/cmbx10.pf
b><C:/Program Files/MiKTeX/fonts/type1/public/amsfonts/cm/cmex10.pfb><C:/Progra
m Files/MiKTeX/fonts/type1/public/amsfonts/cm/cmmi10.pfb><C:/Program Files/MiKT
eX/fonts/type1/public/amsfonts/cm/cmmi8.pfb><C:/Program Files/MiKTeX/fonts/type
1/public/amsfonts/cm/cmr10.pfb><C:/Program Files/MiKTeX/fonts/type1/public/amsf
onts/cm/cmr6.pfb><C:/Program Files/MiKTeX/fonts/type1/public/amsfonts/cm/cmr8.p
fb><C:/Program Files/MiKTeX/fonts/type1/public/amsfonts/cm/cmsy10.pfb><C:/Progr
am Files/MiKTeX/fonts/type1/public/amsfonts/cm/cmsy8.pfb>
Output written on D:\Administrador\Angel\LIBROS\Optica\KJELL\build\kJELL.pdf (2
0 pages, 456362 bytes).
PDF statistics:
 573 PDF objects out of 1000 (max. 8388607)
 120 named destinations out of 1000 (max. 500000)
 241 words of extra memory for PDF output out of 10000 (max. 10000000)

