\BOOKMARK [1][-]{section.1}{\376\377\000B\000\341\000s\000i\000c\000o\000s}{}% 1
\BOOKMARK [2][-]{subsection.1.1}{\376\377\000I\000n\000t\000r\000o\000d\000u\000c\000c\000i\000\363\000n}{section.1}% 2
\BOOKMARK [2][-]{subsection.1.2}{\376\377\000M\000o\000v\000i\000m\000i\000e\000n\000t\000o\000\040\000O\000n\000d\000u\000l\000a\000t\000o\000r\000i\000o\000.\000\040\000E\000s\000p\000e\000c\000t\000r\000o\000\040\000E\000l\000e\000c\000t\000r\000o\000m\000a\000g\000n\000\351\000t\000i\000c\000o}{section.1}% 3
\BOOKMARK [2][-]{subsection.1.3}{\376\377\000O\000n\000d\000a\000s\000\040\000p\000l\000a\000n\000a\000s\000.\000\040\000R\000a\000y\000o\000s\000\040\000d\000e\000\040\000l\000u\000z}{section.1}% 4
\BOOKMARK [2][-]{subsection.1.4}{\376\377\000D\000i\000f\000e\000r\000e\000n\000c\000i\000a\000\040\000d\000e\000\040\000f\000a\000s\000e}{section.1}% 5
\BOOKMARK [2][-]{subsection.1.5}{\376\377\000N\000o\000t\000a\000c\000i\000\363\000n\000\040\000C\000o\000m\000p\000l\000e\000j\000a\000.\000\040\000A\000m\000p\000l\000i\000t\000u\000d\000\040\000C\000o\000m\000p\000l\000e\000j\000a}{section.1}% 6
\BOOKMARK [2][-]{subsection.1.6}{\376\377\000I\000n\000c\000i\000d\000e\000n\000c\000i\000a\000\040\000O\000b\000l\000i\000c\000u\000a\000\040\000d\000e\000\040\000u\000n\000a\000\040\000O\000n\000d\000a\000\040\000P\000l\000a\000n\000a}{section.1}% 7
\BOOKMARK [2][-]{subsection.1.7}{\376\377\000O\000n\000d\000a\000\040\000E\000s\000f\000\351\000r\000i\000c\000a}{section.1}% 8
\BOOKMARK [2][-]{subsection.1.8}{\376\377\000I\000n\000t\000e\000n\000s\000i\000d\000a\000d}{section.1}% 9
\BOOKMARK [2][-]{subsection.1.9}{\376\377\000\323\000P\000T\000I\000C\000A\000\040\000G\000e\000o\000m\000\351\000t\000r\000i\000c\000a}{section.1}% 10
\BOOKMARK [2][-]{subsection.1.10}{\376\377\000L\000e\000n\000t\000e\000s\000\040\000S\000i\000m\000p\000l\000e\000s\000\040\000C\000o\000n\000v\000e\000x\000a\000s\000\040\000\050\000P\000o\000s\000i\000t\000i\000v\000a\000s\000\051}{section.1}% 11
\BOOKMARK [2][-]{subsection.1.11}{\376\377\000C\000o\000n\000f\000i\000g\000u\000r\000a\000c\000i\000\363\000n\000\040\000d\000e\000\040\000O\000n\000d\000a\000\040\000P\000l\000a\000n\000a}{section.1}% 12
\BOOKMARK [1][-]{section.2}{\376\377\000\323\000p\000t\000i\000c\000a\000\040\000G\000a\000u\000s\000s\000i\000a\000n\000a}{}% 13
\BOOKMARK [2][-]{subsection.2.1}{\376\377\000I\000n\000t\000r\000o\000d\000u\000c\000c\000i\000\363\000n}{section.2}% 14
\BOOKMARK [2][-]{subsection.2.2}{\376\377\000R\000e\000f\000r\000a\000c\000c\000i\000\363\000n\000\040\000e\000n\000\040\000u\000n\000a\000\040\000S\000u\000p\000e\000r\000f\000i\000c\000i\000e\000\040\000E\000s\000f\000\351\000r\000i\000c\000a}{section.2}% 15
\BOOKMARK [1][-]{section.3}{\376\377\000I\000n\000t\000e\000r\000f\000e\000r\000e\000n\000c\000i\000a}{}% 16
\BOOKMARK [2][-]{subsection.3.1}{\376\377\000I\000n\000t\000r\000o\000d\000u\000c\000c\000i\000\363\000n}{section.3}% 17
\BOOKMARK [2][-]{subsection.3.2}{\376\377\000D\000e\000s\000c\000r\000i\000p\000c\000i\000\363\000n\000\040\000G\000e\000n\000e\000r\000a\000l}{section.3}% 18
\BOOKMARK [2][-]{subsection.3.3}{\376\377\000C\000o\000h\000e\000r\000e\000n\000c\000i\000a}{section.3}% 19
\BOOKMARK [2][-]{subsection.3.4}{\376\377\000I\000n\000t\000e\000r\000f\000e\000r\000e\000n\000c\000i\000a\000\040\000e\000n\000t\000r\000e\000\040\000d\000o\000s\000\040\000O\000n\000d\000a\000s\000\040\000P\000l\000a\000n\000a\000s}{section.3}% 20
